c:\users\jennie\documents\github\interestpointdetection\source\19127644_lab02\19127644_lab02\x64\debug\vc142.pdb
c:\users\jennie\documents\github\interestpointdetection\source\19127644_lab02\19127644_lab02\x64\debug\vc142.idb
c:\users\jennie\documents\github\interestpointdetection\source\19127644_lab02\19127644_lab02\x64\debug\convolution.obj
c:\users\jennie\documents\github\interestpointdetection\source\19127644_lab02\19127644_lab02\x64\debug\19127644_lab02.obj
c:\users\jennie\documents\github\interestpointdetection\source\19127644_lab02\19127644_lab02\x64\debug\detection.obj
c:\users\jennie\documents\github\interestpointdetection\source\19127644_lab02\x64\debug\19127644_lab02.exe
c:\users\jennie\documents\github\interestpointdetection\source\19127644_lab02\19127644_lab02\x64\debug\19127644_lab02.ilk
c:\users\jennie\documents\github\interestpointdetection\source\19127644_lab02\x64\debug\19127644_lab02.pdb
c:\users\jennie\documents\github\interestpointdetection\source\19127644_lab02\19127644_lab02\x64\debug\harris.obj
c:\users\jennie\documents\github\interestpointdetection\source\19127644_lab02\19127644_lab02\x64\debug\interestpointdetection.obj
c:\users\jennie\documents\github\interestpointdetection\source\19127644_lab02\19127644_lab02\x64\debug\sobel.obj
c:\users\jennie\documents\github\interestpointdetection\source\19127644_lab02\19127644_lab02\x64\debug\19127644_lab02.new.obj.enc
c:\users\jennie\documents\github\interestpointdetection\source\19127644_lab02\19127644_lab02\x64\debug\harris.obj.enc
c:\users\jennie\documents\github\interestpointdetection\source\19127644_lab02\19127644_lab02\x64\debug\interestpointdetection.obj.enc
c:\users\jennie\documents\github\interestpointdetection\source\19127644_lab02\19127644_lab02\x64\debug\19127644_lab02.tlog\cl.command.1.tlog
c:\users\jennie\documents\github\interestpointdetection\source\19127644_lab02\19127644_lab02\x64\debug\19127644_lab02.tlog\cl.read.1.tlog
c:\users\jennie\documents\github\interestpointdetection\source\19127644_lab02\19127644_lab02\x64\debug\19127644_lab02.tlog\cl.write.1.tlog
c:\users\jennie\documents\github\interestpointdetection\source\19127644_lab02\19127644_lab02\x64\debug\19127644_lab02.tlog\link.command.1.tlog
c:\users\jennie\documents\github\interestpointdetection\source\19127644_lab02\19127644_lab02\x64\debug\19127644_lab02.tlog\link.read.1.tlog
c:\users\jennie\documents\github\interestpointdetection\source\19127644_lab02\19127644_lab02\x64\debug\19127644_lab02.tlog\link.write.1.tlog
